0 info it worked if it ends with ok
1 verbose cli [ '/usr/local/Cellar/node/10.8.0/bin/node',
1 verbose cli   '/usr/local/bin/npm',
1 verbose cli   'run',
1 verbose cli   'kakunin' ]
2 info using npm@6.2.0
3 info using node@v10.8.0
4 verbose run-script [ 'prekakunin', 'kakunin', 'postkakunin' ]
5 info lifecycle workshop@0.0.1~prekakunin: workshop@0.0.1
6 info lifecycle workshop@0.0.1~kakunin: workshop@0.0.1
7 verbose lifecycle workshop@0.0.1~kakunin: unsafe-perm in lifecycle true
8 verbose lifecycle workshop@0.0.1~kakunin: PATH: /usr/local/lib/node_modules/npm/node_modules/npm-lifecycle/node-gyp-bin:/Users/wilsonmar/kakunin-workshop/node_modules/.bin:/Users/wilsonmar/.cargo/bin:/usr/local/opt/gradle/bin:/usr/local/opt/maven/bin:/usr/local/opt/ant/bin:/usr/local/Cellar/jmeter/3.3/libexec/bin:/Users/wilsonmar/gits/wilsonmar/git-utilities/git-custom-commands:/Users/wilsonmar/gits:/usr/bin/python:/usr/local/bin:/usr/bin:/usr/sbin:/bin:/sbin:/opt/local/bin:/opt/local/sbin:/usr/local/share/dotnet:/usr/local/Cellar/maven/3.5.0/libexec/bin:/Users/wilsonmar/onpath/sonar-scanner/bin:/Users/wilsonmar/.google-cloud-sdk/bin:/usr/local/opt/android-sdk/tools:/usr/local/opt/android-sdk/platform-tools:/usr/local/opt/android-sdk/build-tools/19.1.0:/usr/local/bin/chromedriver:/Users/wilsonmar/gopkgs/bin:/usr/local/opt/go/libexec/bin:/usr/local/Cellar/r/3.4.4/lib/R/bin:/Users/wilsonmar/Library/Caches/AmlWorkbench/Python/bin:/Users/wilsonmar/.rvm/bin
9 verbose lifecycle workshop@0.0.1~kakunin: CWD: /Users/wilsonmar/kakunin-workshop
10 silly lifecycle workshop@0.0.1~kakunin: Args: [ '-c', 'cross-env NODE_ENV=prod kakunin' ]
11 silly lifecycle workshop@0.0.1~kakunin: Returned: code: 199  signal: null
12 info lifecycle workshop@0.0.1~kakunin: Failed to exec kakunin script
13 verbose stack Error: workshop@0.0.1 kakunin: `cross-env NODE_ENV=prod kakunin`
13 verbose stack Exit status 199
13 verbose stack     at EventEmitter.<anonymous> (/usr/local/lib/node_modules/npm/node_modules/npm-lifecycle/index.js:304:16)
13 verbose stack     at EventEmitter.emit (events.js:182:13)
13 verbose stack     at ChildProcess.<anonymous> (/usr/local/lib/node_modules/npm/node_modules/npm-lifecycle/lib/spawn.js:55:14)
13 verbose stack     at ChildProcess.emit (events.js:182:13)
13 verbose stack     at maybeClose (internal/child_process.js:962:16)
13 verbose stack     at Process.ChildProcess._handle.onexit (internal/child_process.js:249:5)
14 verbose pkgid workshop@0.0.1
15 verbose cwd /Users/wilsonmar/kakunin-workshop
16 verbose Darwin 17.7.0
17 verbose argv "/usr/local/Cellar/node/10.8.0/bin/node" "/usr/local/bin/npm" "run" "kakunin"
18 verbose node v10.8.0
19 verbose npm  v6.2.0
20 error code ELIFECYCLE
21 error errno 199
22 error workshop@0.0.1 kakunin: `cross-env NODE_ENV=prod kakunin`
22 error Exit status 199
23 error Failed at the workshop@0.0.1 kakunin script.
23 error This is probably not a problem with npm. There is likely additional logging output above.
24 verbose exit [ 199, true ]
